Using pre-set license

 COMMAND LINE ARGUMENTS:
/Applications/Unity/Hub/Editor/2020.3.15f1/Unity.app/Contents/MacOS/Unity
-adb2
-batchMode
-noUpm
-name
AssetImportWorker0
-projectPath
/Users/luerlyu/Downloads/HoloVidCall
-logFile
Logs/AssetImportWorker0.log
-srvPort
62575
Successfully changed project path to: /Users/luerlyu/Downloads/HoloVidCall
/Users/luerlyu/Downloads/HoloVidCall
Using Asset Import Pipeline V2.
Refreshing native plugins compatible for Editor in 207.24 ms, found 4 plugins.
Preloading 1 native plugins for Editor in 121.16 ms.
Initialize engine version: 2020.3.15f1 (5e502cb56e17)
[Subsystems] Discovering subsystems at path /Applications/Unity/Hub/Editor/2020.3.15f1/Unity.app/Contents/Resources/UnitySubsystems
[Subsystems] Discovering subsystems at path /Users/luerlyu/Downloads/HoloVidCall/Assets
GfxDevice: creating device client; threaded=0
2021-08-12 15:20:35.239 Unity[39011:1272964] Color LCD preferred device: Intel(R) Iris(TM) Plus Graphics 640 (low power)
2021-08-12 15:20:35.240 Unity[39011:1272964] Metal devices available: 1
2021-08-12 15:20:35.240 Unity[39011:1272964] 0: Intel(R) Iris(TM) Plus Graphics 640 (low power)
2021-08-12 15:20:35.241 Unity[39011:1272964] Using device Intel(R) Iris(TM) Plus Graphics 640 (low power)
Initializing Metal device caps: Intel(R) Iris(TM) Plus Graphics 640
Initialize mono
Mono path[0] = '/Applications/Unity/Hub/Editor/2020.3.15f1/Unity.app/Contents/Managed'
Mono path[1] = '/Applications/Unity/Hub/Editor/2020.3.15f1/Unity.app/Contents/MonoBleedingEdge/lib/mono/unityjit'
Mono config path = '/Applications/Unity/Hub/Editor/2020.3.15f1/Unity.app/Contents/MonoBleedingEdge/etc'
Using monoOptions --debugger-agent=transport=dt_socket,embedding=1,server=y,suspend=n,address=127.0.0.1:56011
Begin MonoManager ReloadAssembly
Registering precompiled unity dll's ...
Register platform support module: /Applications/Unity/Hub/Editor/2020.3.15f1/PlaybackEngines/WebGLSupport/UnityEditor.WebGL.Extensions.dll
Register platform support module: /Applications/Unity/Hub/Editor/2020.3.15f1/Unity.app/Contents/PlaybackEngines/MacStandaloneSupport/UnityEditor.OSXStandalone.Extensions.dll
Register platform support module: /Applications/Unity/Hub/Editor/2020.3.15f1/PlaybackEngines/LuminSupport/UnityEditor.Lumin.Extensions.dll
Registered in 0.002663 seconds.
Native extension for Lumin target not found
Native extension for OSXStandalone target not found
Native extension for WebGL target not found
Refreshing native plugins compatible for Editor in 50.79 ms, found 4 plugins.
Preloading 1 native plugins for Editor in 1.78 ms.
Mono: successfully reloaded assembly
- Completed reload, in  2.481 seconds
Domain Reload Profiling:
	ReloadAssembly (2481ms)
		BeginReloadAssembly (46ms)
			ExecutionOrderSort (0ms)
			DisableScriptedObjects (0ms)
			BackupInstance (0ms)
			ReleaseScriptingObjects (0ms)
			CreateAndSetChildDomain (1ms)
		EndReloadAssembly (583ms)
			LoadAssemblies (48ms)
			RebuildTransferFunctionScriptingTraits (0ms)
			SetupTypeCache (218ms)
			ReleaseScriptCaches (0ms)
			RebuildScriptCaches (60ms)
			SetupLoadedEditorAssemblies (227ms)
				LogAssemblyErrors (0ms)
				InitializePlatformSupportModulesInManaged (5ms)
				SetLoadedEditorAssemblies (0ms)
				RefreshPlugins (53ms)
				BeforeProcessingInitializeOnLoad (8ms)
				ProcessInitializeOnLoadAttributes (123ms)
				ProcessInitializeOnLoadMethodAttributes (37ms)
				AfterProcessingInitializeOnLoad (0ms)
				EditorAssembliesLoaded (0ms)
			ExecutionOrderSort2 (0ms)
			AwakeInstancesAfterBackupRestoration (0ms)
Platform modules already initialized, skipping
Registering precompiled user dll's ...
Registered in 0.008190 seconds.
Begin MonoManager ReloadAssembly
Native extension for Lumin target not found
Native extension for OSXStandalone target not found
Native extension for WebGL target not found
Refreshing native plugins compatible for Editor in 50.71 ms, found 4 plugins.
Preloading 1 native plugins for Editor in 1.82 ms.
Fallback handler could not load library /Applications/Unity/Hub/Editor/2020.3.15f1/Unity.app/Contents/Frameworks/Mono/lib/libAssets/Holoplay/Plugins/Mac/HoloPlayCore.bundle/Contents/MacOS/libHoloPlayCore.so
Fallback handler could not load library /Applications/Unity/Hub/Editor/2020.3.15f1/Unity.app/Contents/Frameworks/Mono/lib/libAssets/Holoplay/Plugins/Mac/HoloPlayCore.bundle/Contents/MacOS/libHoloPlayCore.so.dylib
Fallback handler could not load library /Applications/Unity/Hub/Editor/2020.3.15f1/Unity.app/Contents/Frameworks/Mono/lib/libAssets/Holoplay/Plugins/Mac/HoloPlayCore.bundle/Contents/MacOS/libHoloPlayCore.so
Fallback handler could not load library /Applications/Unity/Hub/Editor/2020.3.15f1/Unity.app/Contents/Frameworks/Mono/lib/libAssets/Holoplay/Plugins/Mac/HoloPlayCore.bundle/Contents/MacOS/libHoloPlayCore.so.bundle
Mono: successfully reloaded assembly
- Completed reload, in  1.721 seconds
Domain Reload Profiling:
	ReloadAssembly (1731ms)
		BeginReloadAssembly (189ms)
			ExecutionOrderSort (0ms)
			DisableScriptedObjects (7ms)
			BackupInstance (0ms)
			ReleaseScriptingObjects (0ms)
			CreateAndSetChildDomain (40ms)
		EndReloadAssembly (1463ms)
			LoadAssemblies (140ms)
			RebuildTransferFunctionScriptingTraits (0ms)
			SetupTypeCache (492ms)
			ReleaseScriptCaches (1ms)
			RebuildScriptCaches (77ms)
			SetupLoadedEditorAssemblies (584ms)
				LogAssemblyErrors (0ms)
				InitializePlatformSupportModulesInManaged (5ms)
				SetLoadedEditorAssemblies (0ms)
				RefreshPlugins (53ms)
				BeforeProcessingInitializeOnLoad (83ms)
				ProcessInitializeOnLoadAttributes (433ms)
				ProcessInitializeOnLoadMethodAttributes (7ms)
				AfterProcessingInitializeOnLoad (2ms)
				EditorAssembliesLoaded (0ms)
			ExecutionOrderSort2 (0ms)
			AwakeInstancesAfterBackupRestoration (8ms)
Platform modules already initialized, skipping
========================================================================
Worker process is ready to serve import requests
Launching external process: /Applications/Unity/Hub/Editor/2020.3.15f1/Unity.app/Contents/Tools/UnityShaderCompiler
Launched and connected shader compiler UnityShaderCompiler after 0.02 seconds
Refreshing native plugins compatible for Editor in 0.84 ms, found 4 plugins.
Preloading 1 native plugins for Editor in 2.93 ms.
Unloading 2455 Unused Serialized files (Serialized files now loaded: 0)
System memory in use before: 197.3 MB.
System memory in use after: 197.5 MB.

Unloading 34 unused Assets to reduce memory usage. Loaded Objects now: 2888.
Total: 5.127159 ms (FindLiveObjects: 0.603017 ms CreateObjectMapping: 0.199801 ms MarkObjects: 4.177102 ms  DeleteObjects: 0.145648 ms)

AssetImportParameters requested are different than current active one (requested -> active):
  custom:video-decoder-ogg-theora: a1e56fd34408186e4bbccfd4996cb3dc -> 
  custom:container-muxer-webm: aa71ff27fc2769a1b78a27578f13a17b -> 
  custom:container-demuxer-webm: 4f35f7cbe854078d1ac9338744f61a02 -> 
  custom:container-demuxer-ogg: 62fdf1f143b41e24485cea50d1cbac27 -> 
  custom:video-encoder-webm-vp8: eb34c28f22e8b96e1ab97ce403110664 -> 
  custom:framework-osx-AVFoundation: e770b220cccbd017edd2c1fefb359320 -> 
  custom:video-decoder-webm-vp8: 9c59270c3fd7afecdb556c50c9e8de78 -> 
  custom:audio-decoder-ogg-vorbis: bf7c407c2cedff20999df2af8eb42d56 -> 
  custom:audio-encoder-webm-vorbis: bf7c407c2cedff20999df2af8eb42d56 -> 
========================================================================
Received Import Request.
  path: Assets/Depthkit/Examples/Scenes/Depthkit_Example.unity
  artifactKey: Guid(52890ebc8fac3f445b65a618f3987535) Importer(815301076,1909f56bfc062723c751e8b465ee728b)
Start importing Assets/Depthkit/Examples/Scenes/Depthkit_Example.unity using Guid(52890ebc8fac3f445b65a618f3987535) Importer(815301076,1909f56bfc062723c751e8b465ee728b)  -> (artifact id: 'b36b6f2411507807af8446ea510a726d') in 0.027035 seconds 
  Import took 0.034630 seconds .

========================================================================
Received Import Request.
  Time since last request: 1696.179731 seconds.
  path: Assets/Samples/Unity Render Streaming/3.1.0-exp.1/Example/Bidirectional/Bidirectional.unity
  artifactKey: Guid(da10b86dde5e88a4abd624d6644a9b11) Importer(815301076,1909f56bfc062723c751e8b465ee728b)
Start importing Assets/Samples/Unity Render Streaming/3.1.0-exp.1/Example/Bidirectional/Bidirectional.unity using Guid(da10b86dde5e88a4abd624d6644a9b11) Importer(815301076,1909f56bfc062723c751e8b465ee728b)  -> (artifact id: '16ce082f3fc60cccbc30c3e474862282') in 0.037244 seconds 
  Import took 0.094120 seconds .

========================================================================
Received Import Request.
  Time since last request: 0.135037 seconds.
  path: Assets/Samples/Unity Render Streaming/3.1.0-exp.1/Example/Bidirectional/Bidirectional.unity
  artifactKey: Guid(da10b86dde5e88a4abd624d6644a9b11) Importer(815301076,1909f56bfc062723c751e8b465ee728b)
Start importing Assets/Samples/Unity Render Streaming/3.1.0-exp.1/Example/Bidirectional/Bidirectional.unity using Guid(da10b86dde5e88a4abd624d6644a9b11) Importer(815301076,1909f56bfc062723c751e8b465ee728b)  -> (artifact id: '16ce082f3fc60cccbc30c3e474862282') in 0.003467 seconds 
  Import took 0.013174 seconds .

========================================================================
Received Import Request.
  Time since last request: 93.869863 seconds.
  path: Assets/Holoplay/Prefabs/Holoplay Capture.prefab
  artifactKey: Guid(3019d4eebe2593e428d7b9ccb096ceda) Importer(815301076,1909f56bfc062723c751e8b465ee728b)
Start importing Assets/Holoplay/Prefabs/Holoplay Capture.prefab using Guid(3019d4eebe2593e428d7b9ccb096ceda) Importer(815301076,1909f56bfc062723c751e8b465ee728b)  -> (artifact id: '044be666c1d3beab1eeb9c353d16a0b2') in 1.745019 seconds 
  Import took 1.751942 seconds .

========================================================================
Received Import Request.
  Time since last request: 128.077161 seconds.
  path: Assets/Holoplay/Prefabs/Multiplex.prefab
  artifactKey: Guid(e09e4534ef492fc4fb7003ed2bec1d99) Importer(815301076,1909f56bfc062723c751e8b465ee728b)
Start importing Assets/Holoplay/Prefabs/Multiplex.prefab using Guid(e09e4534ef492fc4fb7003ed2bec1d99) Importer(815301076,1909f56bfc062723c751e8b465ee728b)  -> (artifact id: '4a550e0db65230eb6e8e74b6cd155ecf') in 0.011062 seconds 
  Import took 0.017679 seconds .

========================================================================
Received Import Request.
  Time since last request: 0.054844 seconds.
  path: Assets/Holoplay/Prefabs/Multiplex.prefab
  artifactKey: Guid(e09e4534ef492fc4fb7003ed2bec1d99) Importer(815301076,1909f56bfc062723c751e8b465ee728b)
Start importing Assets/Holoplay/Prefabs/Multiplex.prefab using Guid(e09e4534ef492fc4fb7003ed2bec1d99) Importer(815301076,1909f56bfc062723c751e8b465ee728b)  -> (artifact id: '4a550e0db65230eb6e8e74b6cd155ecf') in 0.009850 seconds 
  Import took 0.015538 seconds .

========================================================================
Received Import Request.
  Time since last request: 0.460442 seconds.
  path: Assets/Holoplay/Prefabs/DMA Canvas.prefab
  artifactKey: Guid(ea054310d837ae94b832a4dfe80a8815) Importer(815301076,1909f56bfc062723c751e8b465ee728b)
Start importing Assets/Holoplay/Prefabs/DMA Canvas.prefab using Guid(ea054310d837ae94b832a4dfe80a8815) Importer(815301076,1909f56bfc062723c751e8b465ee728b)  -> (artifact id: '38924eb83ed6ebfc8bdb9f8e8f67d169') in 0.008813 seconds 
  Import took 0.015478 seconds .

========================================================================
Received Import Request.
  Time since last request: 0.005618 seconds.
  path: Assets/Holoplay/Prefabs/DMA Canvas.prefab
  artifactKey: Guid(ea054310d837ae94b832a4dfe80a8815) Importer(815301076,1909f56bfc062723c751e8b465ee728b)
Start importing Assets/Holoplay/Prefabs/DMA Canvas.prefab using Guid(ea054310d837ae94b832a4dfe80a8815) Importer(815301076,1909f56bfc062723c751e8b465ee728b)  -> (artifact id: '38924eb83ed6ebfc8bdb9f8e8f67d169') in 0.005068 seconds 
  Import took 0.010504 seconds .

========================================================================
Received Import Request.
  Time since last request: 4.584139 seconds.
  path: Assets/Holoplay/Prefabs/DMA Builder.prefab
  artifactKey: Guid(13493f9ec4a3550478545937c945da4c) Importer(815301076,1909f56bfc062723c751e8b465ee728b)
Start importing Assets/Holoplay/Prefabs/DMA Builder.prefab using Guid(13493f9ec4a3550478545937c945da4c) Importer(815301076,1909f56bfc062723c751e8b465ee728b)  -> (artifact id: '89b0cbda8961ea832ff17a33b84d836b') in 0.006232 seconds 
  Import took 0.012097 seconds .

========================================================================
Received Import Request.
  Time since last request: 0.000662 seconds.
  path: Assets/Holoplay/Prefabs/DMA Builder.prefab
  artifactKey: Guid(13493f9ec4a3550478545937c945da4c) Importer(815301076,1909f56bfc062723c751e8b465ee728b)
Start importing Assets/Holoplay/Prefabs/DMA Builder.prefab using Guid(13493f9ec4a3550478545937c945da4c) Importer(815301076,1909f56bfc062723c751e8b465ee728b)  -> (artifact id: '89b0cbda8961ea832ff17a33b84d836b') in 0.003315 seconds 
  Import took 0.008159 seconds .

========================================================================
Received Import Request.
  Time since last request: 0.675668 seconds.
  path: Assets/Holoplay/Prefabs/DMA IPC.prefab
  artifactKey: Guid(b0d004aea24d96643994154ea8b5993c) Importer(815301076,1909f56bfc062723c751e8b465ee728b)
Start importing Assets/Holoplay/Prefabs/DMA IPC.prefab using Guid(b0d004aea24d96643994154ea8b5993c) Importer(815301076,1909f56bfc062723c751e8b465ee728b)  -> (artifact id: 'f5a92d0b18be77f8fce40eb755adc438') in 0.008931 seconds 
  Import took 0.013859 seconds .

========================================================================
Received Prepare
Registering precompiled user dll's ...
Registered in 0.010229 seconds.
Begin MonoManager ReloadAssembly
Native extension for Lumin target not found
Native extension for OSXStandalone target not found
Native extension for WebGL target not found
Refreshing native plugins compatible for Editor in 0.63 ms, found 4 plugins.
Preloading 1 native plugins for Editor in 2.09 ms.
Mono: successfully reloaded assembly
- Completed reload, in  1.726 seconds
Domain Reload Profiling:
	ReloadAssembly (1728ms)
		BeginReloadAssembly (245ms)
			ExecutionOrderSort (0ms)
			DisableScriptedObjects (11ms)
			BackupInstance (0ms)
			ReleaseScriptingObjects (0ms)
			CreateAndSetChildDomain (144ms)
		EndReloadAssembly (1397ms)
			LoadAssemblies (158ms)
			RebuildTransferFunctionScriptingTraits (0ms)
			SetupTypeCache (462ms)
			ReleaseScriptCaches (2ms)
			RebuildScriptCaches (83ms)
			SetupLoadedEditorAssemblies (538ms)
				LogAssemblyErrors (0ms)
				InitializePlatformSupportModulesInManaged (8ms)
				SetLoadedEditorAssemblies (1ms)
				RefreshPlugins (3ms)
				BeforeProcessingInitializeOnLoad (91ms)
				ProcessInitializeOnLoadAttributes (429ms)
				ProcessInitializeOnLoadMethodAttributes (6ms)
				AfterProcessingInitializeOnLoad (2ms)
				EditorAssembliesLoaded (0ms)
			ExecutionOrderSort2 (0ms)
			AwakeInstancesAfterBackupRestoration (9ms)
Platform modules already initialized, skipping
Refreshing native plugins compatible for Editor in 0.75 ms, found 4 plugins.
Preloading 1 native plugins for Editor in 2.09 ms.
Unloading 2400 Unused Serialized files (Serialized files now loaded: 0)
System memory in use before: 197.4 MB.
System memory in use after: 197.6 MB.

Unloading 28 unused Assets to reduce memory usage. Loaded Objects now: 2892.
Total: 3.189759 ms (FindLiveObjects: 0.382221 ms CreateObjectMapping: 0.147942 ms MarkObjects: 2.583092 ms  DeleteObjects: 0.075206 ms)

AssetImportParameters requested are different than current active one (requested -> active):
  custom:video-decoder-ogg-theora: a1e56fd34408186e4bbccfd4996cb3dc -> 
  custom:container-muxer-webm: aa71ff27fc2769a1b78a27578f13a17b -> 
  custom:container-demuxer-webm: 4f35f7cbe854078d1ac9338744f61a02 -> 
  custom:container-demuxer-ogg: 62fdf1f143b41e24485cea50d1cbac27 -> 
  custom:video-encoder-webm-vp8: eb34c28f22e8b96e1ab97ce403110664 -> 
  custom:framework-osx-AVFoundation: e770b220cccbd017edd2c1fefb359320 -> 
  custom:video-decoder-webm-vp8: 9c59270c3fd7afecdb556c50c9e8de78 -> 
  custom:audio-decoder-ogg-vorbis: bf7c407c2cedff20999df2af8eb42d56 -> 
  custom:audio-encoder-webm-vorbis: bf7c407c2cedff20999df2af8eb42d56 -> 
